<?xml version="1.0" encoding="UTF-8" ?>
<testsuite failures="0" time="6.43" errors="0" skipped="0" tests="34" name="com.levigo.jbig2.ChecksumTest">
  <properties>
[...]
</properties>
  <testcase time="0.9" classname="com.levigo.jbig2.ChecksumTest" name="compareChecksum[0]"/>
  <testcase time="0.177" classname="com.levigo.jbig2.ChecksumTest" name="compareChecksum[1]"/>
  <testcase time="0.19" classname="com.levigo.jbig2.ChecksumTest" name="compareChecksum[2]"/>
  <testcase time="0.192" classname="com.levigo.jbig2.ChecksumTest" name="compareChecksum[3]"/>
  <testcase time="0.214" classname="com.levigo.jbig2.ChecksumTest" name="compareChecksum[4]"/>
  <testcase time="0.267" classname="com.levigo.jbig2.ChecksumTest" name="compareChecksum[5]"/>
  <testcase time="0.437" classname="com.levigo.jbig2.ChecksumTest" name="compareChecksum[6]"/>
  <testcase time="0.138" classname="com.levigo.jbig2.ChecksumTest" name="compareChecksum[7]"/>
  <testcase time="0.216" classname="com.levigo.jbig2.ChecksumTest" name="compareChecksum[8]"/>
  <testcase time="0.205" classname="com.levigo.jbig2.ChecksumTest" name="compareChecksum[9]"/>
  <testcase time="0.388" classname="com.levigo.jbig2.ChecksumTest" name="compareChecksum[10]"/>
  <testcase time="0.127" classname="com.levigo.jbig2.ChecksumTest" name="compareChecksum[11]"/>
  <testcase time="0.119" classname="com.levigo.jbig2.ChecksumTest" name="compareChecksum[12]"/>
  <testcase time="0.116" classname="com.levigo.jbig2.ChecksumTest" name="compareChecksum[13]"/>
  <testcase time="0.146" classname="com.levigo.jbig2.ChecksumTest" name="compareChecksum[14]"/>
  <testcase time="0.114" classname="com.levigo.jbig2.ChecksumTest" name="compareChecksum[15]"/>
  <testcase time="0.114" classname="com.levigo.jbig2.ChecksumTest" name="compareChecksum[16]"/>
  <testcase time="0.137" classname="com.levigo.jbig2.ChecksumTest" name="compareChecksum[17]"/>
  <testcase time="0.218" classname="com.levigo.jbig2.ChecksumTest" name="compareChecksum[18]"/>
  <testcase time="0.223" classname="com.levigo.jbig2.ChecksumTest" name="compareChecksum[19]"/>
  <testcase time="0.355" classname="com.levigo.jbig2.ChecksumTest" name="compareChecksum[20]"/>
  <testcase time="0.181" classname="com.levigo.jbig2.ChecksumTest" name="compareChecksum[21]"/>
  <testcase time="0.359" classname="com.levigo.jbig2.ChecksumTest" name="compareChecksum[22]"/>
  <testcase time="0.115" classname="com.levigo.jbig2.ChecksumTest" name="compareChecksum[23]"/>
  <testcase time="0.067" classname="com.levigo.jbig2.ChecksumTest" name="compareChecksum[24]"/>
  <testcase time="0.139" classname="com.levigo.jbig2.ChecksumTest" name="compareChecksum[25]"/>
  <testcase time="0.071" classname="com.levigo.jbig2.ChecksumTest" name="compareChecksum[26]"/>
  <testcase time="0.178" classname="com.levigo.jbig2.ChecksumTest" name="compareChecksum[27]"/>
  <testcase time="0.077" classname="com.levigo.jbig2.ChecksumTest" name="compareChecksum[28]"/>
  <testcase time="0.14" classname="com.levigo.jbig2.ChecksumTest" name="compareChecksum[29]"/>
  <testcase time="0.046" classname="com.levigo.jbig2.ChecksumTest" name="compareChecksum[30]"/>
  <testcase time="0.006" classname="com.levigo.jbig2.ChecksumTest" name="compareChecksum[31]"/>
  <testcase time="0.006" classname="com.levigo.jbig2.ChecksumTest" name="compareChecksum[32]"/>
  <testcase time="0.01" classname="com.levigo.jbig2.ChecksumTest" name="compareChecksum[33]"/>
</testsuite>